
HM software: Encoder Version [15.0][Linux][GCC 4.8.5][64 bit] 

Input          File          : ../visit.yuv
Bitstream      File          : visit.bin
Reconstruction File          : rec_visit.yuv
Real     Format              : 480x832 50Hz
Internal Format              : 480x832 50Hz
Frame/Field                  : Frame based coding
Frame index                  : 0 - 51 (52 frames)
CU size / depth              : 64 / 4
RQT trans. size (min / max)  : 4 / 32
Max RQT depth inter          : 3
Max RQT depth intra          : 3
Min PCM size                 : 8
Motion search range          : 64
Intra period                 : 1
Decoding refresh type        : 0
QP                           : 32.00
Max dQP signaling depth      : 0
Cb QP Offset                 : 0
Cr QP Offset                 : 0
QP adaptation                : 0 (range=0)
GOP size                     : 1
Internal bit depth           : (Y:8, C:8)
PCM sample bit depth         : (Y:8, C:8)
RateControl                  : 0
Max Num Merge Candidates     : 5

TOOL CFG: IBD:0 HAD:0 RDQ:0 RDQTS:0 RDpenalty:0 SQP:0 ASR:0 FEN:0 ECU:0 FDM:0 CFM:0 ESD:0 RQT:1 TransformSkip:0 TransformSkipFast:0 Slice: M=0 SliceSegment: M=0 CIP:0 SAO:0 PCM:0 TransQuantBypassEnabled: =1 WPP:0 WPB:0 PME:2  WaveFrontSynchro:0 WaveFrontSubstreams:1 ScalingList:0 TMVPMode:1 AQpS:0 SignBitHidingFlag:1 RecalQP:0

POC    0 TId: 0 ( I-SLICE, nQP 32 QP 32 )     818784 bits [Y 99.9900 dB    U 99.9900 dB    V 99.9900 dB] [ET  1.61 ] [L0 ] [L1 ]
POC    1 TId: 0 ( I-SLICE, nQP 32 QP 32 )     977704 bits [Y 99.9900 dB    U 99.9900 dB    V 99.9900 dB] [ET  1.66 ] [L0 ] [L1 ]
POC    2 TId: 0 ( I-SLICE, nQP 32 QP 32 )     979728 bits [Y 99.9900 dB    U 99.9900 dB    V 99.9900 dB] [ET  1.66 ] [L0 ] [L1 ]
POC    3 TId: 0 ( I-SLICE, nQP 32 QP 32 )    1226584 bits [Y 99.9900 dB    U 99.9900 dB    V 99.9900 dB] [ET  1.88 ] [L0 ] [L1 ]
POC    4 TId: 0 ( I-SLICE, nQP 32 QP 32 )    1278264 bits [Y 99.9900 dB    U 99.9900 dB    V 99.9900 dB] [ET  1.80 ] [L0 ] [L1 ]
POC    5 TId: 0 ( I-SLICE, nQP 32 QP 32 )    1246056 bits [Y 99.9900 dB    U 99.9900 dB    V 99.9900 dB] [ET  1.80 ] [L0 ] [L1 ]
POC    6 TId: 0 ( I-SLICE, nQP 32 QP 32 )    1346800 bits [Y 99.9900 dB    U 99.9900 dB    V 99.9900 dB] [ET  1.73 ] [L0 ] [L1 ]
POC    7 TId: 0 ( I-SLICE, nQP 32 QP 32 )    1220952 bits [Y 99.9900 dB    U 99.9900 dB    V 99.9900 dB] [ET  1.67 ] [L0 ] [L1 ]
POC    8 TId: 0 ( I-SLICE, nQP 32 QP 32 )    1191040 bits [Y 99.9900 dB    U 99.9900 dB    V 99.9900 dB] [ET  1.69 ] [L0 ] [L1 ]
POC    9 TId: 0 ( I-SLICE, nQP 32 QP 32 )    1325512 bits [Y 99.9900 dB    U 99.9900 dB    V 99.9900 dB] [ET  1.73 ] [L0 ] [L1 ]
POC   10 TId: 0 ( I-SLICE, nQP 32 QP 32 )    1185632 bits [Y 99.9900 dB    U 99.9900 dB    V 99.9900 dB] [ET  1.78 ] [L0 ] [L1 ]
POC   11 TId: 0 ( I-SLICE, nQP 32 QP 32 )    1125768 bits [Y 99.9900 dB    U 99.9900 dB    V 99.9900 dB] [ET  1.69 ] [L0 ] [L1 ]
POC   12 TId: 0 ( I-SLICE, nQP 32 QP 32 )    1309552 bits [Y 99.9900 dB    U 99.9900 dB    V 99.9900 dB] [ET  1.81 ] [L0 ] [L1 ]
POC   13 TId: 0 ( I-SLICE, nQP 32 QP 32 )    1315240 bits [Y 99.9900 dB    U 99.9900 dB    V 99.9900 dB] [ET  1.70 ] [L0 ] [L1 ]
POC   14 TId: 0 ( I-SLICE, nQP 32 QP 32 )    1171136 bits [Y 99.9900 dB    U 99.9900 dB    V 99.9900 dB] [ET  1.70 ] [L0 ] [L1 ]
POC   15 TId: 0 ( I-SLICE, nQP 32 QP 32 )    1332216 bits [Y 99.9900 dB    U 99.9900 dB    V 99.9900 dB] [ET  1.72 ] [L0 ] [L1 ]
POC   16 TId: 0 ( I-SLICE, nQP 32 QP 32 )    1133400 bits [Y 99.9900 dB    U 99.9900 dB    V 99.9900 dB] [ET  1.73 ] [L0 ] [L1 ]
POC   17 TId: 0 ( I-SLICE, nQP 32 QP 32 )    1124200 bits [Y 99.9900 dB    U 99.9900 dB    V 99.9900 dB] [ET  1.70 ] [L0 ] [L1 ]
POC   18 TId: 0 ( I-SLICE, nQP 32 QP 32 )    1286832 bits [Y 99.9900 dB    U 99.9900 dB    V 99.9900 dB] [ET  1.81 ] [L0 ] [L1 ]
POC   19 TId: 0 ( I-SLICE, nQP 32 QP 32 )    1112264 bits [Y 99.9900 dB    U 99.9900 dB    V 99.9900 dB] [ET  1.69 ] [L0 ] [L1 ]
POC   20 TId: 0 ( I-SLICE, nQP 32 QP 32 )    1119168 bits [Y 99.9900 dB    U 99.9900 dB    V 99.9900 dB] [ET  1.66 ] [L0 ] [L1 ]
POC   21 TId: 0 ( I-SLICE, nQP 32 QP 32 )    1078904 bits [Y 99.9900 dB    U 99.9900 dB    V 99.9900 dB] [ET  1.67 ] [L0 ] [L1 ]
POC   22 TId: 0 ( I-SLICE, nQP 32 QP 32 )     946872 bits [Y 99.9900 dB    U 99.9900 dB    V 99.9900 dB] [ET  1.72 ] [L0 ] [L1 ]
POC   23 TId: 0 ( I-SLICE, nQP 32 QP 32 )    1043264 bits [Y 99.9900 dB    U 99.9900 dB    V 99.9900 dB] [ET  1.64 ] [L0 ] [L1 ]
POC   24 TId: 0 ( I-SLICE, nQP 32 QP 32 )    1006864 bits [Y 99.9900 dB    U 99.9900 dB    V 99.9900 dB] [ET  1.61 ] [L0 ] [L1 ]
POC   25 TId: 0 ( I-SLICE, nQP 32 QP 32 )    1078336 bits [Y 99.9900 dB    U 99.9900 dB    V 99.9900 dB] [ET  1.64 ] [L0 ] [L1 ]
POC   26 TId: 0 ( I-SLICE, nQP 32 QP 32 )     878400 bits [Y 99.9900 dB    U 99.9900 dB    V 99.9900 dB] [ET  1.59 ] [L0 ] [L1 ]
POC   27 TId: 0 ( I-SLICE, nQP 32 QP 32 )     743800 bits [Y 99.9900 dB    U 99.9900 dB    V 99.9900 dB] [ET  1.56 ] [L0 ] [L1 ]
POC   28 TId: 0 ( I-SLICE, nQP 32 QP 32 )     713528 bits [Y 99.9900 dB    U 99.9900 dB    V 99.9900 dB] [ET  1.53 ] [L0 ] [L1 ]
POC   29 TId: 0 ( I-SLICE, nQP 32 QP 32 )    1118072 bits [Y 99.9900 dB    U 99.9900 dB    V 99.9900 dB] [ET  1.66 ] [L0 ] [L1 ]
POC   30 TId: 0 ( I-SLICE, nQP 32 QP 32 )    1173400 bits [Y 99.9900 dB    U 99.9900 dB    V 99.9900 dB] [ET  1.67 ] [L0 ] [L1 ]
POC   31 TId: 0 ( I-SLICE, nQP 32 QP 32 )     365000 bits [Y 99.9900 dB    U 99.9900 dB    V 99.9900 dB] [ET  1.36 ] [L0 ] [L1 ]
POC   32 TId: 0 ( I-SLICE, nQP 32 QP 32 )     981968 bits [Y 99.9900 dB    U 99.9900 dB    V 99.9900 dB] [ET  1.62 ] [L0 ] [L1 ]
POC   33 TId: 0 ( I-SLICE, nQP 32 QP 32 )    1052016 bits [Y 99.9900 dB    U 99.9900 dB    V 99.9900 dB] [ET  1.64 ] [L0 ] [L1 ]
POC   34 TId: 0 ( I-SLICE, nQP 32 QP 32 )    1060248 bits [Y 99.9900 dB    U 99.9900 dB    V 99.9900 dB] [ET  1.62 ] [L0 ] [L1 ]
POC   35 TId: 0 ( I-SLICE, nQP 32 QP 32 )     996632 bits [Y 99.9900 dB    U 99.9900 dB    V 99.9900 dB] [ET  1.62 ] [L0 ] [L1 ]
POC   36 TId: 0 ( I-SLICE, nQP 32 QP 32 )    1112928 bits [Y 99.9900 dB    U 99.9900 dB    V 99.9900 dB] [ET  1.67 ] [L0 ] [L1 ]
POC   37 TId: 0 ( I-SLICE, nQP 32 QP 32 )    1128032 bits [Y 99.9900 dB    U 99.9900 dB    V 99.9900 dB] [ET  1.66 ] [L0 ] [L1 ]
POC   38 TId: 0 ( I-SLICE, nQP 32 QP 32 )     907128 bits [Y 99.9900 dB    U 99.9900 dB    V 99.9900 dB] [ET  1.59 ] [L0 ] [L1 ]
POC   39 TId: 0 ( I-SLICE, nQP 32 QP 32 )    1056904 bits [Y 99.9900 dB    U 99.9900 dB    V 99.9900 dB] [ET  1.64 ] [L0 ] [L1 ]
POC   40 TId: 0 ( I-SLICE, nQP 32 QP 32 )     635696 bits [Y 99.9900 dB    U 99.9900 dB    V 99.9900 dB] [ET  1.47 ] [L0 ] [L1 ]
POC   41 TId: 0 ( I-SLICE, nQP 32 QP 32 )     689648 bits [Y 99.9900 dB    U 99.9900 dB    V 99.9900 dB] [ET  1.50 ] [L0 ] [L1 ]
POC   42 TId: 0 ( I-SLICE, nQP 32 QP 32 )     765968 bits [Y 99.9900 dB    U 99.9900 dB    V 99.9900 dB] [ET  1.55 ] [L0 ] [L1 ]
POC   43 TId: 0 ( I-SLICE, nQP 32 QP 32 )     769408 bits [Y 99.9900 dB    U 99.9900 dB    V 99.9900 dB] [ET  1.53 ] [L0 ] [L1 ]
POC   44 TId: 0 ( I-SLICE, nQP 32 QP 32 )     673592 bits [Y 99.9900 dB    U 99.9900 dB    V 99.9900 dB] [ET  1.50 ] [L0 ] [L1 ]
POC   45 TId: 0 ( I-SLICE, nQP 32 QP 32 )    1358016 bits [Y 99.9900 dB    U 99.9900 dB    V 99.9900 dB] [ET  1.70 ] [L0 ] [L1 ]
POC   46 TId: 0 ( I-SLICE, nQP 32 QP 32 )    1444152 bits [Y 99.9900 dB    U 99.9900 dB    V 99.9900 dB] [ET  1.77 ] [L0 ] [L1 ]
POC   47 TId: 0 ( I-SLICE, nQP 32 QP 32 )    1522224 bits [Y 99.9900 dB    U 99.9900 dB    V 99.9900 dB] [ET  1.72 ] [L0 ] [L1 ]
POC   48 TId: 0 ( I-SLICE, nQP 32 QP 32 )    1282328 bits [Y 99.9900 dB    U 99.9900 dB    V 99.9900 dB] [ET  1.67 ] [L0 ] [L1 ]
POC   49 TId: 0 ( I-SLICE, nQP 32 QP 32 )    1263832 bits [Y 99.9900 dB    U 99.9900 dB    V 99.9900 dB] [ET  1.69 ] [L0 ] [L1 ]
POC   50 TId: 0 ( I-SLICE, nQP 32 QP 32 )    1383968 bits [Y 99.9900 dB    U 99.9900 dB    V 99.9900 dB] [ET  1.77 ] [L0 ] [L1 ]
POC   51 TId: 0 ( I-SLICE, nQP 32 QP 32 )    1450136 bits [Y 99.9900 dB    U 99.9900 dB    V 99.9900 dB] [ET  1.72 ] [L0 ] [L1 ]


SUMMARY --------------------------------------------------------
	Total Frames |  Bitrate    Y-PSNR    U-PSNR    V-PSNR 
	       52    a  54334.7077   99.9900   99.9900   99.9900


I Slices--------------------------------------------------------
	Total Frames |  Bitrate    Y-PSNR    U-PSNR    V-PSNR 
	       52    i  54334.7077   99.9900   99.9900   99.9900


P Slices--------------------------------------------------------
	Total Frames |  Bitrate    Y-PSNR    U-PSNR    V-PSNR 
	        0    p        -nan      -nan      -nan      -nan


B Slices--------------------------------------------------------
	Total Frames |  Bitrate    Y-PSNR    U-PSNR    V-PSNR 
	        0    b        -nan      -nan      -nan      -nan

RVM: 0.000
Bytes written to file: 7063731 (54336.392 kbps)

 Total Time:       86.672 sec.
